-------------------------------------------------------------------------------
Test set: hr.fer.oprpp1.custom.collections.ArrayIndexedCollectionTest
-------------------------------------------------------------------------------
Tests run: 26, Failures: 9, Errors: 0, Skipped: 0, Time elapsed: 0.039 sec <<< FAILURE!
hr.fer.oprpp1.custom.collections.ArrayIndexedCollectionTest.testConstructorWithOtherCollectionAndInitialCapacity()  Time elapsed: 0.031 sec  <<< FAILURE!
org.opentest4j.AssertionFailedError: expected: <3> but was: <0>
	at org.junit.jupiter.api.AssertionUtils.fail(AssertionUtils.java:55)
	at org.junit.jupiter.api.AssertionUtils.failNotEqual(AssertionUtils.java:62)
	at org.junit.jupiter.api.AssertEquals.assertEquals(AssertEquals.java:150)
	at org.junit.jupiter.api.AssertEquals.assertEquals(AssertEquals.java:145)
	at org.junit.jupiter.api.Assertions.assertEquals(Assertions.java:527)
	at hr.fer.oprpp1.custom.collections.ArrayIndexedCollectionTest.testConstructorWithOtherCollectionAndInitialCapacity(ArrayIndexedCollectionTest.java:57)

hr.fer.oprpp1.custom.collections.ArrayIndexedCollectionTest.testSizeMethod()  Time elapsed: 0 sec  <<< FAILURE!
org.opentest4j.AssertionFailedError: expected: <3> but was: <0>
	at org.junit.jupiter.api.AssertionUtils.fail(AssertionUtils.java:55)
	at org.junit.jupiter.api.AssertionUtils.failNotEqual(AssertionUtils.java:62)
	at org.junit.jupiter.api.AssertEquals.assertEquals(AssertEquals.java:150)
	at org.junit.jupiter.api.AssertEquals.assertEquals(AssertEquals.java:145)
	at org.junit.jupiter.api.Assertions.assertEquals(Assertions.java:527)
	at hr.fer.oprpp1.custom.collections.ArrayIndexedCollectionTest.testSizeMethod(ArrayIndexedCollectionTest.java:216)

hr.fer.oprpp1.custom.collections.ArrayIndexedCollectionTest.testGetElement()  Time elapsed: 0.001 sec  <<< FAILURE!
java.lang.IndexOutOfBoundsException: Argument index must be between 0 and (size - 1)
	at hr.fer.oprpp1.custom.collections.ArrayIndexedCollection.get(ArrayIndexedCollection.java:113)
	at hr.fer.oprpp1.custom.collections.ArrayIndexedCollectionTest.testGetElement(ArrayIndexedCollectionTest.java:102)

hr.fer.oprpp1.custom.collections.ArrayIndexedCollectionTest.testIndexOfMethod()  Time elapsed: 0.001 sec  <<< FAILURE!
org.opentest4j.AssertionFailedError: expected: <1> but was: <-1>
	at org.junit.jupiter.api.AssertionUtils.fail(AssertionUtils.java:55)
	at org.junit.jupiter.api.AssertionUtils.failNotEqual(AssertionUtils.java:62)
	at org.junit.jupiter.api.AssertEquals.assertEquals(AssertEquals.java:150)
	at org.junit.jupiter.api.AssertEquals.assertEquals(AssertEquals.java:145)
	at org.junit.jupiter.api.Assertions.assertEquals(Assertions.java:527)
	at hr.fer.oprpp1.custom.collections.ArrayIndexedCollectionTest.testIndexOfMethod(ArrayIndexedCollectionTest.java:167)

hr.fer.oprpp1.custom.collections.ArrayIndexedCollectionTest.testAddElement()  Time elapsed: 0 sec  <<< FAILURE!
org.opentest4j.AssertionFailedError: expected: <[1]> but was: <hr.fer.oprpp1.custom.collections.ArrayIndexedCollection@7c53a9eb>
	at org.junit.jupiter.api.AssertionUtils.fail(AssertionUtils.java:55)
	at org.junit.jupiter.api.AssertionUtils.failNotEqual(AssertionUtils.java:62)
	at org.junit.jupiter.api.AssertEquals.assertEquals(AssertEquals.java:182)
	at org.junit.jupiter.api.AssertEquals.assertEquals(AssertEquals.java:177)
	at org.junit.jupiter.api.Assertions.assertEquals(Assertions.java:1141)
	at hr.fer.oprpp1.custom.collections.ArrayIndexedCollectionTest.testAddElement(ArrayIndexedCollectionTest.java:87)

hr.fer.oprpp1.custom.collections.ArrayIndexedCollectionTest.testInsertElementOnExactPosition()  Time elapsed: 0 sec  <<< FAILURE!
java.lang.IndexOutOfBoundsException: Argument position must be between 0 and (size - 1)
	at hr.fer.oprpp1.custom.collections.ArrayIndexedCollection.insert(ArrayIndexedCollection.java:137)
	at hr.fer.oprpp1.custom.collections.ArrayIndexedCollectionTest.testInsertElementOnExactPosition(ArrayIndexedCollectionTest.java:130)

hr.fer.oprpp1.custom.collections.ArrayIndexedCollectionTest.testConstructorWithOtherCollection()  Time elapsed: 0.001 sec  <<< FAILURE!
org.opentest4j.AssertionFailedError: expected: <3> but was: <0>
	at org.junit.jupiter.api.AssertionUtils.fail(AssertionUtils.java:55)
	at org.junit.jupiter.api.AssertionUtils.failNotEqual(AssertionUtils.java:62)
	at org.junit.jupiter.api.AssertEquals.assertEquals(AssertEquals.java:150)
	at org.junit.jupiter.api.AssertEquals.assertEquals(AssertEquals.java:145)
	at org.junit.jupiter.api.Assertions.assertEquals(Assertions.java:527)
	at hr.fer.oprpp1.custom.collections.ArrayIndexedCollectionTest.testConstructorWithOtherCollection(ArrayIndexedCollectionTest.java:37)

hr.fer.oprpp1.custom.collections.ArrayIndexedCollectionTest.testRemoveElementOnGivenIndex()  Time elapsed: 0 sec  <<< FAILURE!
java.lang.IndexOutOfBoundsException: Argument index must be between 0 and (size - 1)
	at hr.fer.oprpp1.custom.collections.ArrayIndexedCollection.remove(ArrayIndexedCollection.java:183)
	at hr.fer.oprpp1.custom.collections.ArrayIndexedCollectionTest.testRemoveElementOnGivenIndex(ArrayIndexedCollectionTest.java:190)

hr.fer.oprpp1.custom.collections.ArrayIndexedCollectionTest.testContainsMethodReturnTrue()  Time elapsed: 0.001 sec  <<< FAILURE!
org.opentest4j.AssertionFailedError: expected: <true> but was: <false>
	at org.junit.jupiter.api.AssertionUtils.fail(AssertionUtils.java:55)
	at org.junit.jupiter.api.AssertionUtils.failNotEqual(AssertionUtils.java:62)
	at org.junit.jupiter.api.AssertEquals.assertEquals(AssertEquals.java:182)
	at org.junit.jupiter.api.AssertEquals.assertEquals(AssertEquals.java:177)
	at org.junit.jupiter.api.Assertions.assertEquals(Assertions.java:1141)
	at hr.fer.oprpp1.custom.collections.ArrayIndexedCollectionTest.testContainsMethodReturnTrue(ArrayIndexedCollectionTest.java:225)

