<?xml version="1.0" encoding="UTF-8" ?>
<testsuite tests="26" failures="9" name="hr.fer.oprpp1.custom.collections.ArrayIndexedCollectionTest" time="0.037" errors="0" skipped="0">
  <properties>
[...]
</properties>
  <testcase classname="hr.fer.oprpp1.custom.collections.ArrayIndexedCollectionTest" name="hr.fer.oprpp1.custom.collections.ArrayIndexedCollectionTest.testIndexMethodThrowsNullPointerException" time="0.002"/>
  <testcase classname="hr.fer.oprpp1.custom.collections.ArrayIndexedCollectionTest" name="hr.fer.oprpp1.custom.collections.ArrayIndexedCollectionTest.testAddElementThrowsNullPointerException" time="0"/>
  <testcase classname="hr.fer.oprpp1.custom.collections.ArrayIndexedCollectionTest" name="hr.fer.oprpp1.custom.collections.ArrayIndexedCollectionTest.testGetElementThrowsIndexOutOfBoundsException" time="0"/>
  <testcase classname="hr.fer.oprpp1.custom.collections.ArrayIndexedCollectionTest" name="hr.fer.oprpp1.custom.collections.ArrayIndexedCollectionTest.testConstructorWithOtherCollectionAndInitialCapacityThrowsIllegalArgumentException" time="0"/>
  <testcase classname="hr.fer.oprpp1.custom.collections.ArrayIndexedCollectionTest" name="hr.fer.oprpp1.custom.collections.ArrayIndexedCollectionTest.testConstructorWithOtherCollectionAndInitialCapacityThrowsNullPointerException" time="0"/>
  <testcase classname="hr.fer.oprpp1.custom.collections.ArrayIndexedCollectionTest" name="hr.fer.oprpp1.custom.collections.ArrayIndexedCollectionTest.testConstructorWithOtherCollectionAndInitialCapacity" time="0.031">
    <failure message="expected: &lt;3&gt; but was: &lt;0&gt;" type="org.opentest4j.AssertionFailedError">org.opentest4j.AssertionFailedError: expected: &lt;3&gt; but was: &lt;0&gt;
	at org.junit.jupiter.api.AssertionUtils.fail(AssertionUtils.java:55)
	at org.junit.jupiter.api.AssertionUtils.failNotEqual(AssertionUtils.java:62)
	at org.junit.jupiter.api.AssertEquals.assertEquals(AssertEquals.java:150)
	at org.junit.jupiter.api.AssertEquals.assertEquals(AssertEquals.java:145)
	at org.junit.jupiter.api.Assertions.assertEquals(Assertions.java:527)
	at hr.fer.oprpp1.custom.collections.ArrayIndexedCollectionTest.testConstructorWithOtherCollectionAndInitialCapacity(ArrayIndexedCollectionTest.java:57)
</failure>
  </testcase>
  <testcase classname="hr.fer.oprpp1.custom.collections.ArrayIndexedCollectionTest" name="hr.fer.oprpp1.custom.collections.ArrayIndexedCollectionTest.testConstructorWithInitialCapacityThrowsIllegalArgumentException" time="0"/>
  <testcase classname="hr.fer.oprpp1.custom.collections.ArrayIndexedCollectionTest" name="hr.fer.oprpp1.custom.collections.ArrayIndexedCollectionTest.testConstructorWithOtherCollectionThrowsNullPointerException" time="0"/>
  <testcase classname="hr.fer.oprpp1.custom.collections.ArrayIndexedCollectionTest" name="hr.fer.oprpp1.custom.collections.ArrayIndexedCollectionTest.testInsertElementOnExactPositionThrowsNullPointerException" time="0"/>
  <testcase classname="hr.fer.oprpp1.custom.collections.ArrayIndexedCollectionTest" name="hr.fer.oprpp1.custom.collections.ArrayIndexedCollectionTest.testInsertElementOnExactPositionThrowsIndexOutOfBoundsException" time="0"/>
  <testcase classname="hr.fer.oprpp1.custom.collections.ArrayIndexedCollectionTest" name="hr.fer.oprpp1.custom.collections.ArrayIndexedCollectionTest.testRemoveElementOnGivenIndexThrowsIndexOutOfBoundsException" time="0"/>
  <testcase classname="hr.fer.oprpp1.custom.collections.ArrayIndexedCollectionTest" name="hr.fer.oprpp1.custom.collections.ArrayIndexedCollectionTest.testSizeMethod" time="0">
    <failure message="expected: &lt;3&gt; but was: &lt;0&gt;" type="org.opentest4j.AssertionFailedError">org.opentest4j.AssertionFailedError: expected: &lt;3&gt; but was: &lt;0&gt;
	at org.junit.jupiter.api.AssertionUtils.fail(AssertionUtils.java:55)
	at org.junit.jupiter.api.AssertionUtils.failNotEqual(AssertionUtils.java:62)
	at org.junit.jupiter.api.AssertEquals.assertEquals(AssertEquals.java:150)
	at org.junit.jupiter.api.AssertEquals.assertEquals(AssertEquals.java:145)
	at org.junit.jupiter.api.Assertions.assertEquals(Assertions.java:527)
	at hr.fer.oprpp1.custom.collections.ArrayIndexedCollectionTest.testSizeMethod(ArrayIndexedCollectionTest.java:216)
</failure>
  </testcase>
  <testcase classname="hr.fer.oprpp1.custom.collections.ArrayIndexedCollectionTest" name="hr.fer.oprpp1.custom.collections.ArrayIndexedCollectionTest.testForEachMethod" time="0"/>
  <testcase classname="hr.fer.oprpp1.custom.collections.ArrayIndexedCollectionTest" name="hr.fer.oprpp1.custom.collections.ArrayIndexedCollectionTest.testToArray" time="0"/>
  <testcase classname="hr.fer.oprpp1.custom.collections.ArrayIndexedCollectionTest" name="hr.fer.oprpp1.custom.collections.ArrayIndexedCollectionTest.testGetElement" time="0.001">
    <failure message="Argument index must be between 0 and (size - 1)" type="java.lang.IndexOutOfBoundsException">java.lang.IndexOutOfBoundsException: Argument index must be between 0 and (size - 1)
	at hr.fer.oprpp1.custom.collections.ArrayIndexedCollection.get(ArrayIndexedCollection.java:113)
	at hr.fer.oprpp1.custom.collections.ArrayIndexedCollectionTest.testGetElement(ArrayIndexedCollectionTest.java:102)
</failure>
  </testcase>
  <testcase classname="hr.fer.oprpp1.custom.collections.ArrayIndexedCollectionTest" name="hr.fer.oprpp1.custom.collections.ArrayIndexedCollectionTest.testClearAllArray" time="0"/>
  <testcase classname="hr.fer.oprpp1.custom.collections.ArrayIndexedCollectionTest" name="hr.fer.oprpp1.custom.collections.ArrayIndexedCollectionTest.testIndexOfMethod" time="0.001">
    <failure message="expected: &lt;1&gt; but was: &lt;-1&gt;" type="org.opentest4j.AssertionFailedError">org.opentest4j.AssertionFailedError: expected: &lt;1&gt; but was: &lt;-1&gt;
	at org.junit.jupiter.api.AssertionUtils.fail(AssertionUtils.java:55)
	at org.junit.jupiter.api.AssertionUtils.failNotEqual(AssertionUtils.java:62)
	at org.junit.jupiter.api.AssertEquals.assertEquals(AssertEquals.java:150)
	at org.junit.jupiter.api.AssertEquals.assertEquals(AssertEquals.java:145)
	at org.junit.jupiter.api.Assertions.assertEquals(Assertions.java:527)
	at hr.fer.oprpp1.custom.collections.ArrayIndexedCollectionTest.testIndexOfMethod(ArrayIndexedCollectionTest.java:167)
</failure>
  </testcase>
  <testcase classname="hr.fer.oprpp1.custom.collections.ArrayIndexedCollectionTest" name="hr.fer.oprpp1.custom.collections.ArrayIndexedCollectionTest.testAddElement" time="0">
    <failure message="expected: &lt;[1]&gt; but was: &lt;hr.fer.oprpp1.custom.collections.ArrayIndexedCollection@7c53a9eb&gt;" type="org.opentest4j.AssertionFailedError">org.opentest4j.AssertionFailedError: expected: &lt;[1]&gt; but was: &lt;hr.fer.oprpp1.custom.collections.ArrayIndexedCollection@7c53a9eb&gt;
	at org.junit.jupiter.api.AssertionUtils.fail(AssertionUtils.java:55)
	at org.junit.jupiter.api.AssertionUtils.failNotEqual(AssertionUtils.java:62)
	at org.junit.jupiter.api.AssertEquals.assertEquals(AssertEquals.java:182)
	at org.junit.jupiter.api.AssertEquals.assertEquals(AssertEquals.java:177)
	at org.junit.jupiter.api.Assertions.assertEquals(Assertions.java:1141)
	at hr.fer.oprpp1.custom.collections.ArrayIndexedCollectionTest.testAddElement(ArrayIndexedCollectionTest.java:87)
</failure>
  </testcase>
  <testcase classname="hr.fer.oprpp1.custom.collections.ArrayIndexedCollectionTest" name="hr.fer.oprpp1.custom.collections.ArrayIndexedCollectionTest.testConstructorWithInitialCapacity" time="0"/>
  <testcase classname="hr.fer.oprpp1.custom.collections.ArrayIndexedCollectionTest" name="hr.fer.oprpp1.custom.collections.ArrayIndexedCollectionTest.testRemoveGivenObject" time="0"/>
  <testcase classname="hr.fer.oprpp1.custom.collections.ArrayIndexedCollectionTest" name="hr.fer.oprpp1.custom.collections.ArrayIndexedCollectionTest.testInsertElementOnExactPosition" time="0">
    <failure message="Argument position must be between 0 and (size - 1)" type="java.lang.IndexOutOfBoundsException">java.lang.IndexOutOfBoundsException: Argument position must be between 0 and (size - 1)
	at hr.fer.oprpp1.custom.collections.ArrayIndexedCollection.insert(ArrayIndexedCollection.java:137)
	at hr.fer.oprpp1.custom.collections.ArrayIndexedCollectionTest.testInsertElementOnExactPosition(ArrayIndexedCollectionTest.java:130)
</failure>
  </testcase>
  <testcase classname="hr.fer.oprpp1.custom.collections.ArrayIndexedCollectionTest" name="hr.fer.oprpp1.custom.collections.ArrayIndexedCollectionTest.testDefaultConstructor" time="0"/>
  <testcase classname="hr.fer.oprpp1.custom.collections.ArrayIndexedCollectionTest" name="hr.fer.oprpp1.custom.collections.ArrayIndexedCollectionTest.testConstructorWithOtherCollection" time="0.001">
    <failure message="expected: &lt;3&gt; but was: &lt;0&gt;" type="org.opentest4j.AssertionFailedError">org.opentest4j.AssertionFailedError: expected: &lt;3&gt; but was: &lt;0&gt;
	at org.junit.jupiter.api.AssertionUtils.fail(AssertionUtils.java:55)
	at org.junit.jupiter.api.AssertionUtils.failNotEqual(AssertionUtils.java:62)
	at org.junit.jupiter.api.AssertEquals.assertEquals(AssertEquals.java:150)
	at org.junit.jupiter.api.AssertEquals.assertEquals(AssertEquals.java:145)
	at org.junit.jupiter.api.Assertions.assertEquals(Assertions.java:527)
	at hr.fer.oprpp1.custom.collections.ArrayIndexedCollectionTest.testConstructorWithOtherCollection(ArrayIndexedCollectionTest.java:37)
</failure>
  </testcase>
  <testcase classname="hr.fer.oprpp1.custom.collections.ArrayIndexedCollectionTest" name="hr.fer.oprpp1.custom.collections.ArrayIndexedCollectionTest.testRemoveElementOnGivenIndex" time="0">
    <failure message="Argument index must be between 0 and (size - 1)" type="java.lang.IndexOutOfBoundsException">java.lang.IndexOutOfBoundsException: Argument index must be between 0 and (size - 1)
	at hr.fer.oprpp1.custom.collections.ArrayIndexedCollection.remove(ArrayIndexedCollection.java:183)
	at hr.fer.oprpp1.custom.collections.ArrayIndexedCollectionTest.testRemoveElementOnGivenIndex(ArrayIndexedCollectionTest.java:190)
</failure>
  </testcase>
  <testcase classname="hr.fer.oprpp1.custom.collections.ArrayIndexedCollectionTest" name="hr.fer.oprpp1.custom.collections.ArrayIndexedCollectionTest.testContainsMethodReturnTrue" time="0.001">
    <failure message="expected: &lt;true&gt; but was: &lt;false&gt;" type="org.opentest4j.AssertionFailedError">org.opentest4j.AssertionFailedError: expected: &lt;true&gt; but was: &lt;false&gt;
	at org.junit.jupiter.api.AssertionUtils.fail(AssertionUtils.java:55)
	at org.junit.jupiter.api.AssertionUtils.failNotEqual(AssertionUtils.java:62)
	at org.junit.jupiter.api.AssertEquals.assertEquals(AssertEquals.java:182)
	at org.junit.jupiter.api.AssertEquals.assertEquals(AssertEquals.java:177)
	at org.junit.jupiter.api.Assertions.assertEquals(Assertions.java:1141)
	at hr.fer.oprpp1.custom.collections.ArrayIndexedCollectionTest.testContainsMethodReturnTrue(ArrayIndexedCollectionTest.java:225)
</failure>
  </testcase>
  <testcase classname="hr.fer.oprpp1.custom.collections.ArrayIndexedCollectionTest" name="hr.fer.oprpp1.custom.collections.ArrayIndexedCollectionTest.testContainsMethodReturnFalse" time="0"/>
</testsuite>