<?xml version="1.0" encoding="UTF-8" ?>
<testsuite tests="20" failures="3" name="hr.fer.oprpp1.custom.collections.LinkedListIndexedCollectionTest" time="0.001" errors="0" skipped="0">
  <properties>
    <property name="java.runtime.name" value="OpenJDK Runtime Environment"/>
    <property name="java.vm.version" value="15.0.2+7-27"/>
    <property name="sun.boot.library.path" value="C:\java\jdk-15.0.2\bin"/>
    <property name="maven.multiModuleProjectDirectory" value="C:\Users\teakr\eclipse-workspace\hw01-0036524211"/>
    <property name="java.vm.vendor" value="Oracle Corporation"/>
    <property name="java.vendor.url" value="https://java.oracle.com/"/>
    <property name="guice.disable.misplaced.annotation.check" value="true"/>
    <property name="path.separator" value=";"/>
    <property name="java.vm.name" value="OpenJDK 64-Bit Server VM"/>
    <property name="sun.os.patch.level" value=""/>
    <property name="user.script" value=""/>
    <property name="user.country" value="HR"/>
    <property name="sun.java.launcher" value="SUN_STANDARD"/>
    <property name="java.vm.specification.name" value="Java Virtual Machine Specification"/>
    <property name="user.dir" value="C:\Users\teakr\eclipse-workspace\hw01-0036524211"/>
    <property name="java.vm.compressedOopsMode" value="Zero based"/>
    <property name="java.runtime.version" value="15.0.2+7-27"/>
    <property name="os.arch" value="amd64"/>
    <property name="java.io.tmpdir" value="C:\Users\teakr\AppData\Local\Temp\"/>
    <property name="line.separator" value="
"/>
    <property name="java.vm.specification.vendor" value="Oracle Corporation"/>
    <property name="user.variant" value=""/>
    <property name="os.name" value="Windows 10"/>
    <property name="classworlds.conf" value="C:\apache-maven-3.8.3\bin\m2.conf"/>
    <property name="sun.jnu.encoding" value="Cp1250"/>
    <property name="java.library.path" value="C:\java\jdk-15.0.2\bin;C:\WINDOWS\Sun\Java\bin;C:\WINDOWS\system32;C:\WINDOWS;C:\Program Files (x86)\VMware\VMware Player\bin\;C:\WINDOWS\system32;C:\WINDOWS;C:\WINDOWS\System32\Wbem;C:\WINDOWS\System32\WindowsPowerShell\v1.0\;C:\WINDOWS\System32\OpenSSH\;C:\Program Files\Intel\WiFi\bin\;C:\Program Files\Common Files\Intel\WirelessCommon\;C:\MinGW\bin;C:\Program Files\Git\cmd;C:\Program Files\Git\mingw64\bin;C:\Program Files\Git\usr\bin;C:\Program Files (x86)\Brackets\command;C:\Program Files (x86)\nodejs\;C:\ProgramData\chocolatey\bin;C:\Users\teakr\AppData\Local\Microsoft\WindowsApps;C:\Users\teakr\AppData\Local\Programs\Microsoft VS Code\bin;C:\java\jdk-15.0.2\bin;C:\IntelliJ IDEA Community Edition 2020.3\bin;;C:\Users\teakr\AppData\Roaming\npm;C:\apache-maven-3.8.3\bin;;."/>
    <property name="maven.conf" value="C:\apache-maven-3.8.3/conf"/>
    <property name="jdk.debug" value="release"/>
    <property name="java.class.version" value="59.0"/>
    <property name="java.specification.name" value="Java Platform API Specification"/>
    <property name="sun.management.compiler" value="HotSpot 64-Bit Tiered Compilers"/>
    <property name="os.version" value="10.0"/>
    <property name="library.jansi.path" value="C:\apache-maven-3.8.3\lib\jansi-native"/>
    <property name="user.home" value="C:\Users\teakr"/>
    <property name="user.timezone" value="Europe/Zagreb"/>
    <property name="file.encoding" value="Cp1250"/>
    <property name="java.specification.version" value="15"/>
    <property name="user.name" value="teakr"/>
    <property name="java.class.path" value="C:\apache-maven-3.8.3\boot\plexus-classworlds-2.6.0.jar"/>
    <property name="java.vm.specification.version" value="15"/>
    <property name="sun.arch.data.model" value="64"/>
    <property name="sun.java.command" value="org.codehaus.plexus.classworlds.launcher.Launcher package"/>
    <property name="java.home" value="C:\java\jdk-15.0.2"/>
    <property name="user.language" value="hr"/>
    <property name="java.specification.vendor" value="Oracle Corporation"/>
    <property name="java.vm.info" value="mixed mode, sharing"/>
    <property name="java.version" value="15.0.2"/>
    <property name="java.vendor" value="Oracle Corporation"/>
    <property name="sun.stderr.encoding" value="cp852"/>
    <property name="maven.home" value="C:\apache-maven-3.8.3"/>
    <property name="file.separator" value="\"/>
    <property name="java.version.date" value="2021-01-19"/>
    <property name="java.vendor.url.bug" value="https://bugreport.java.com/bugreport/"/>
    <property name="sun.io.unicode.encoding" value="UnicodeLittle"/>
    <property name="sun.cpu.endian" value="little"/>
    <property name="sun.stdout.encoding" value="cp852"/>
    <property name="sun.cpu.isalist" value="amd64"/>
  </properties>
  <testcase classname="hr.fer.oprpp1.custom.collections.LinkedListIndexedCollectionTest" name="hr.fer.oprpp1.custom.collections.LinkedListIndexedCollectionTest.testAddElementThrowsNullPointerException" time="0"/>
  <testcase classname="hr.fer.oprpp1.custom.collections.LinkedListIndexedCollectionTest" name="hr.fer.oprpp1.custom.collections.LinkedListIndexedCollectionTest.testGetElementThrowsIndexOutOfBoundsException" time="0"/>
  <testcase classname="hr.fer.oprpp1.custom.collections.LinkedListIndexedCollectionTest" name="hr.fer.oprpp1.custom.collections.LinkedListIndexedCollectionTest.testInsertMethodThrowsIndexOutOfBoundsException" time="0"/>
  <testcase classname="hr.fer.oprpp1.custom.collections.LinkedListIndexedCollectionTest" name="hr.fer.oprpp1.custom.collections.LinkedListIndexedCollectionTest.testInsertMethodThrowsNullPointerException" time="0"/>
  <testcase classname="hr.fer.oprpp1.custom.collections.LinkedListIndexedCollectionTest" name="hr.fer.oprpp1.custom.collections.LinkedListIndexedCollectionTest.testRemoveMethodThrowsIndexOutOfBoundsException" time="0"/>
  <testcase classname="hr.fer.oprpp1.custom.collections.LinkedListIndexedCollectionTest" name="hr.fer.oprpp1.custom.collections.LinkedListIndexedCollectionTest.testSizeMethod" time="0"/>
  <testcase classname="hr.fer.oprpp1.custom.collections.LinkedListIndexedCollectionTest" name="hr.fer.oprpp1.custom.collections.LinkedListIndexedCollectionTest.testForEachMethod" time="0"/>
  <testcase classname="hr.fer.oprpp1.custom.collections.LinkedListIndexedCollectionTest" name="hr.fer.oprpp1.custom.collections.LinkedListIndexedCollectionTest.testToArray" time="0"/>
  <testcase classname="hr.fer.oprpp1.custom.collections.LinkedListIndexedCollectionTest" name="hr.fer.oprpp1.custom.collections.LinkedListIndexedCollectionTest.testGetElement" time="0"/>
  <testcase classname="hr.fer.oprpp1.custom.collections.LinkedListIndexedCollectionTest" name="hr.fer.oprpp1.custom.collections.LinkedListIndexedCollectionTest.testIndexOfMethod" time="0"/>
  <testcase classname="hr.fer.oprpp1.custom.collections.LinkedListIndexedCollectionTest" name="hr.fer.oprpp1.custom.collections.LinkedListIndexedCollectionTest.testAddElement" time="0"/>
  <testcase classname="hr.fer.oprpp1.custom.collections.LinkedListIndexedCollectionTest" name="hr.fer.oprpp1.custom.collections.LinkedListIndexedCollectionTest.testRemoveGivenObject" time="0"/>
  <testcase classname="hr.fer.oprpp1.custom.collections.LinkedListIndexedCollectionTest" name="hr.fer.oprpp1.custom.collections.LinkedListIndexedCollectionTest.testDefaultConstructor" time="0"/>
  <testcase classname="hr.fer.oprpp1.custom.collections.LinkedListIndexedCollectionTest" name="hr.fer.oprpp1.custom.collections.LinkedListIndexedCollectionTest.testConstructorWithOtherCollection" time="0">
    <failure message="expected: &lt;3&gt; but was: &lt;0&gt;" type="org.opentest4j.AssertionFailedError">org.opentest4j.AssertionFailedError: expected: &lt;3&gt; but was: &lt;0&gt;
	at org.junit.jupiter.api.AssertionUtils.fail(AssertionUtils.java:55)
	at org.junit.jupiter.api.AssertionUtils.failNotEqual(AssertionUtils.java:62)
	at org.junit.jupiter.api.AssertEquals.assertEquals(AssertEquals.java:150)
	at org.junit.jupiter.api.AssertEquals.assertEquals(AssertEquals.java:145)
	at org.junit.jupiter.api.Assertions.assertEquals(Assertions.java:527)
	at hr.fer.oprpp1.custom.collections.LinkedListIndexedCollectionTest.testConstructorWithOtherCollection(LinkedListIndexedCollectionTest.java:23)
</failure>
  </testcase>
  <testcase classname="hr.fer.oprpp1.custom.collections.LinkedListIndexedCollectionTest" name="hr.fer.oprpp1.custom.collections.LinkedListIndexedCollectionTest.testContainsMethodReturnTrue" time="0"/>
  <testcase classname="hr.fer.oprpp1.custom.collections.LinkedListIndexedCollectionTest" name="hr.fer.oprpp1.custom.collections.LinkedListIndexedCollectionTest.testContainsMethodReturnFalse" time="0"/>
  <testcase classname="hr.fer.oprpp1.custom.collections.LinkedListIndexedCollectionTest" name="hr.fer.oprpp1.custom.collections.LinkedListIndexedCollectionTest.testClearAllElementsFromCollection" time="0"/>
  <testcase classname="hr.fer.oprpp1.custom.collections.LinkedListIndexedCollectionTest" name="hr.fer.oprpp1.custom.collections.LinkedListIndexedCollectionTest.testIndexOfMethodWithWrongElement" time="0.001"/>
  <testcase classname="hr.fer.oprpp1.custom.collections.LinkedListIndexedCollectionTest" name="hr.fer.oprpp1.custom.collections.LinkedListIndexedCollectionTest.testInsertMethod" time="0">
    <failure message="Cannot assign field &quot;element&quot; because &quot;newNode&quot; is null" type="java.lang.NullPointerException">java.lang.NullPointerException: Cannot assign field &quot;element&quot; because &quot;newNode&quot; is null
	at hr.fer.oprpp1.custom.collections.LinkedListIndexedCollection.insert(LinkedListIndexedCollection.java:137)
	at hr.fer.oprpp1.custom.collections.LinkedListIndexedCollectionTest.testInsertMethod(LinkedListIndexedCollectionTest.java:82)
</failure>
  </testcase>
  <testcase classname="hr.fer.oprpp1.custom.collections.LinkedListIndexedCollectionTest" name="hr.fer.oprpp1.custom.collections.LinkedListIndexedCollectionTest.testRemoveMethod" time="0">
    <failure message="expected: &lt;hr.fer.oprpp1.custom.collections.LinkedListIndexedCollection@7b1d7fff&gt; but was: &lt;hr.fer.oprpp1.custom.collections.LinkedListIndexedCollection@299a06ac&gt;" type="org.opentest4j.AssertionFailedError">org.opentest4j.AssertionFailedError: expected: &lt;hr.fer.oprpp1.custom.collections.LinkedListIndexedCollection@7b1d7fff&gt; but was: &lt;hr.fer.oprpp1.custom.collections.LinkedListIndexedCollection@299a06ac&gt;
	at org.junit.jupiter.api.AssertionUtils.fail(AssertionUtils.java:55)
	at org.junit.jupiter.api.AssertionUtils.failNotEqual(AssertionUtils.java:62)
	at org.junit.jupiter.api.AssertEquals.assertEquals(AssertEquals.java:182)
	at org.junit.jupiter.api.AssertEquals.assertEquals(AssertEquals.java:177)
	at org.junit.jupiter.api.Assertions.assertEquals(Assertions.java:1141)
	at hr.fer.oprpp1.custom.collections.LinkedListIndexedCollectionTest.testRemoveMethod(LinkedListIndexedCollectionTest.java:141)
</failure>
  </testcase>
</testsuite>